[INFO  - 2018-12-06T21:22:08.222Z] GhostDriver - Main - running on port 65224
[INFO  - 2018-12-06T21:22:08.598Z] Session [fcc71500-f99c-11e8-b333-8127a6c12c04] - page.settings - {"XSSAuditingEnabled":false,"javascriptCanCloseWindows":true,"javascriptCanOpenWindows":true,"javascriptEnabled":true,"loadImages":true,"localToRemoteUrlAccessEnabled":false,"userAgent":"Mozilla/5.0 (Macintosh; Intel Mac OS X) AppleWebKit/538.1 (KHTML, like Gecko) PhantomJS/2.1.1 Safari/538.1","webSecurityEnabled":true}
[INFO  - 2018-12-06T21:22:08.598Z] Session [fcc71500-f99c-11e8-b333-8127a6c12c04] - page.customHeaders:  - {}
[INFO  - 2018-12-06T21:22:08.598Z] Session [fcc71500-f99c-11e8-b333-8127a6c12c04] - Session.negotiatedCapabilities - {"browserName":"phantomjs","version":"2.1.1","driverName":"ghostdriver","driverVersion":"1.2.0","platform":"mac-unknown-64bit","javascriptEnabled":true,"takesScreenshot":true,"handlesAlerts":false,"databaseEnabled":false,"locationContextEnabled":false,"applicationCacheEnabled":false,"browserConnectionEnabled":false,"cssSelectorsEnabled":true,"webStorageEnabled":false,"rotatable":false,"acceptSslCerts":false,"nativeEvents":true,"proxy":{"proxyType":"direct"}}
[INFO  - 2018-12-06T21:22:08.598Z] SessionManagerReqHand - _postNewSessionCommand - New Session Created: fcc71500-f99c-11e8-b333-8127a6c12c04
[ERROR - 2018-12-06T21:22:12.329Z] WebElementLocator - _handleLocateCommand - Element(s) NOT Found: GAVE UP. Search Stop Time: 1544131332298

  phantomjs://platform/console++.js:263 in error
[ERROR - 2018-12-06T21:22:13.162Z] WebElementLocator - _handleLocateCommand - Element(s) NOT Found: GAVE UP. Search Stop Time: 1544131333147

  phantomjs://platform/console++.js:263 in error
[ERROR - 2018-12-06T21:22:13.932Z] WebElementLocator - _handleLocateCommand - Element(s) NOT Found: GAVE UP. Search Stop Time: 1544131333906

  phantomjs://platform/console++.js:263 in error
[ERROR - 2018-12-06T21:22:14.826Z] WebElementLocator - _handleLocateCommand - Element(s) NOT Found: GAVE UP. Search Stop Time: 1544131334686

  phantomjs://platform/console++.js:263 in error
[ERROR - 2018-12-06T21:22:15.648Z] WebElementLocator - _handleLocateCommand - Element(s) NOT Found: GAVE UP. Search Stop Time: 1544131335627

  phantomjs://platform/console++.js:263 in error
[ERROR - 2018-12-06T21:22:16.432Z] WebElementLocator - _handleLocateCommand - Element(s) NOT Found: GAVE UP. Search Stop Time: 1544131336411

  phantomjs://platform/console++.js:263 in error
[ERROR - 2018-12-06T21:22:17.279Z] WebElementLocator - _handleLocateCommand - Element(s) NOT Found: GAVE UP. Search Stop Time: 1544131337197

  phantomjs://platform/console++.js:263 in error
[ERROR - 2018-12-06T21:22:18.192Z] WebElementLocator - _handleLocateCommand - Element(s) NOT Found: GAVE UP. Search Stop Time: 1544131338160

  phantomjs://platform/console++.js:263 in error
[ERROR - 2018-12-06T21:22:18.995Z] WebElementLocator - _handleLocateCommand - Element(s) NOT Found: GAVE UP. Search Stop Time: 1544131338969

  phantomjs://platform/console++.js:263 in error
[ERROR - 2018-12-06T21:22:19.041Z] WebElementLocator - _handleLocateCommand - Element(s) NOT Found: GAVE UP. Search Stop Time: 1544131339017

  phantomjs://platform/console++.js:263 in error
